
2015-08-24 20:35:01...installerHook: Could not find custom/install/install_hooks.php
2015-08-24 20:35:02...installerHook: Could not find custom/install/install_hooks.php
2015-08-24 20:35:10...installerHook: Could not find custom/install/install_hooks.php
2015-08-24 20:35:34...installerHook: Could not find custom/install/install_hooks.php
2015-08-24 20:35:38...Begin System Check Process *************
2015-08-24 20:35:38...XML Parsing Support Found
2015-08-24 20:35:38...MBString Support Found
2015-08-24 20:35:38...ZIP Support Found
2015-08-24 20:35:38.../custom directory and subdirectory check passed
2015-08-24 20:35:38...cache directory and subdirectory check passed
2015-08-24 20:35:41.../module  directory and subdirectory check passed
2015-08-24 20:35:41.../upload directory check passed
2015-08-24 20:35:41.../zip check passed
2015-08-24 20:35:41...PCRE version check passed
2015-08-24 20:35:41...installerHook: Could not find custom/install/install_hooks.php
2015-08-24 20:35:41...php.ini location found. C:\xampp\php\php.ini
2015-08-24 20:35:41...Outputting HTML for System check
2015-08-24 20:35:41...No Errors were found *************
2015-08-24 20:35:44...installerHook: Could not find custom/install/install_hooks.php
2015-08-24 20:35:52...installerHook: Could not find custom/install/install_hooks.php
2015-08-24 20:35:54...installerHook: Could not find custom/install/install_hooks.php
2015-08-24 20:37:41...Begin DB Check Process *************
2015-08-24 20:37:41...testing with mysql:mysqli
2015-08-24 20:37:41...Basic form info is valid, continuing Process.
2015-08-24 20:37:41...Testing user account...
2015-08-24 20:37:43...Connection made using  host: sugar2.terraxx.hu, usr: root
2015-08-24 20:37:43...Testing priviliged account...
2015-08-24 20:37:43...Connection made using  host: sugar2.terraxx.hu, usr: root
2015-08-24 20:37:43...ERROR:: The provided Database Name already exists.  You can<br>1.  hit the back button and choose a new database name <br>2.  click next and continue but all existing tables on this database will be dropped.  <strong>This means your tables and data will be blown away.</strong>
2015-08-24 20:37:44...Passed DB install check
2015-08-24 20:37:44...WARNING:: no errors detected, but DB tables will be dropped!, issuing warning to user
2015-08-24 20:37:44...End DB Check Process *************
2015-08-24 20:39:00...Begin DB Check Process *************
2015-08-24 20:39:00...testing with mysql:mysqli
2015-08-24 20:39:00...Basic form info is valid, continuing Process.
2015-08-24 20:39:00...Testing user account...
2015-08-24 20:39:00...Connection made using  host: sugar2.terraxx.hu, usr: root
2015-08-24 20:39:00...Testing priviliged account...
2015-08-24 20:39:00...Connection made using  host: sugar2.terraxx.hu, usr: root
2015-08-24 20:39:00...DB not selected, will create sugarcrm2
2015-08-24 20:39:00...Passed DB install check
2015-08-24 20:39:00...SUCCESS:: no errors detected!
2015-08-24 20:39:00...End DB Check Process *************
2015-08-24 20:39:01...installerHook: Could not find custom/install/install_hooks.php
2015-08-24 20:39:14...installerHook: Could not find custom/install/install_hooks.php
2015-08-24 20:39:56...installerHook: Could not find custom/install/install_hooks.php
2015-08-24 20:39:56...calling handleSugarConfig()
2015-08-24 20:39:56...calling handleLog4Php()
2015-08-24 20:39:56...calling handleHtaccess()
2015-08-24 20:39:56...calling handleDbCreateDatabase()
2015-08-24 20:39:57...looping through all the Beans and create their tables
2015-08-24 20:39:57...processing table acl_actions
2015-08-24 20:39:57...dropping table acl_actions
2015-08-24 20:39:58...creating table acl_actions
2015-08-24 20:39:58...creating Relationship Meta for ACLAction
2015-08-24 20:39:58...processing table acl_roles
2015-08-24 20:39:58...dropping table acl_roles
2015-08-24 20:40:01...creating table acl_roles
2015-08-24 20:40:01...creating Relationship Meta for ACLRole
2015-08-24 20:40:01...processing table relationships
2015-08-24 20:40:01...dropping table relationships
2015-08-24 20:40:01...creating table relationships
2015-08-24 20:40:01...creating Relationship Meta for Relationship
2015-08-24 20:40:02...processing table leads
2015-08-24 20:40:02...dropping table leads
2015-08-24 20:40:03...creating table leads
2015-08-24 20:40:03...creating Relationship Meta for Lead
2015-08-24 20:40:03...processing table cases
2015-08-24 20:40:03...dropping table cases
2015-08-24 20:40:04...creating table cases
2015-08-24 20:40:04...creating Relationship Meta for Case
2015-08-24 20:40:06...processing table bugs
2015-08-24 20:40:06...dropping table bugs
2015-08-24 20:40:07...creating table bugs
2015-08-24 20:40:07...creating Relationship Meta for Bug
2015-08-24 20:40:08...processing table users
2015-08-24 20:40:08...dropping table users
2015-08-24 20:40:08...creating table users
2015-08-24 20:40:08...creating Relationship Meta for User
2015-08-24 20:40:08...processing table campaign_log
2015-08-24 20:40:08...dropping table campaign_log
2015-08-24 20:40:08...creating table campaign_log
2015-08-24 20:40:08...creating Relationship Meta for CampaignLog
2015-08-24 20:40:08...processing table project
2015-08-24 20:40:08...dropping table project
2015-08-24 20:40:08...creating table project
2015-08-24 20:40:08...creating Relationship Meta for Project
2015-08-24 20:40:08...processing table project_task
2015-08-24 20:40:08...dropping table project_task
2015-08-24 20:40:08...creating table project_task
2015-08-24 20:40:08...creating Relationship Meta for ProjectTask
2015-08-24 20:40:08...processing table campaigns
2015-08-24 20:40:08...dropping table campaigns
2015-08-24 20:40:09...creating table campaigns
2015-08-24 20:40:09...creating Relationship Meta for Campaign
2015-08-24 20:40:09...processing table prospect_lists
2015-08-24 20:40:09...dropping table prospect_lists
2015-08-24 20:40:09...creating table prospect_lists
2015-08-24 20:40:09...creating Relationship Meta for ProspectList
2015-08-24 20:40:09...processing table prospects
2015-08-24 20:40:09...dropping table prospects
2015-08-24 20:40:09...creating table prospects
2015-08-24 20:40:09...creating Relationship Meta for Prospect
2015-08-24 20:40:09...processing table email_marketing
2015-08-24 20:40:09...dropping table email_marketing
2015-08-24 20:40:09...creating table email_marketing
2015-08-24 20:40:09...creating Relationship Meta for EmailMarketing
2015-08-24 20:40:09...processing table campaign_trkrs
2015-08-24 20:40:09...dropping table campaign_trkrs
2015-08-24 20:40:09...creating table campaign_trkrs
2015-08-24 20:40:09...creating Relationship Meta for CampaignTracker
2015-08-24 20:40:09...processing table releases
2015-08-24 20:40:09...dropping table releases
2015-08-24 20:40:09...creating table releases
2015-08-24 20:40:09...creating Relationship Meta for Release
2015-08-24 20:40:09...processing table emailman
2015-08-24 20:40:09...dropping table emailman
2015-08-24 20:40:09...creating table emailman
2015-08-24 20:40:09...creating Relationship Meta for EmailMan
2015-08-24 20:40:10...processing table schedulers
2015-08-24 20:40:10...dropping table schedulers
2015-08-24 20:40:10...creating table schedulers
2015-08-24 20:40:10...creating Relationship Meta for Scheduler
2015-08-24 20:40:10...processing table job_queue
2015-08-24 20:40:10...dropping table job_queue
2015-08-24 20:40:10...creating table job_queue
2015-08-24 20:40:10...creating Relationship Meta for SchedulersJob
2015-08-24 20:40:10...processing table contacts
2015-08-24 20:40:10...dropping table contacts
2015-08-24 20:40:10...creating table contacts
2015-08-24 20:40:10...creating Relationship Meta for Contact
2015-08-24 20:40:10...processing table accounts
2015-08-24 20:40:10...dropping table accounts
2015-08-24 20:40:10...creating table accounts
2015-08-24 20:40:10...creating Relationship Meta for Account
2015-08-24 20:40:11...processing table opportunities
2015-08-24 20:40:11...dropping table opportunities
2015-08-24 20:40:11...creating table opportunities
2015-08-24 20:40:11...creating Relationship Meta for Opportunity
2015-08-24 20:40:11...processing table email_templates
2015-08-24 20:40:11...dropping table email_templates
2015-08-24 20:40:11...creating table email_templates
2015-08-24 20:40:11...creating Relationship Meta for EmailTemplate
2015-08-24 20:40:11...processing table notes
2015-08-24 20:40:11...dropping table notes
2015-08-24 20:40:11...creating table notes
2015-08-24 20:40:11...creating Relationship Meta for Note
2015-08-24 20:40:11...processing table calls
2015-08-24 20:40:11...dropping table calls
2015-08-24 20:40:11...creating table calls
2015-08-24 20:40:11...creating Relationship Meta for Call
2015-08-24 20:40:11...processing table emails
2015-08-24 20:40:11...dropping table emails
2015-08-24 20:40:11...creating table emails
2015-08-24 20:40:12...creating Relationship Meta for Email
2015-08-24 20:40:12...processing table meetings
2015-08-24 20:40:12...dropping table meetings
2015-08-24 20:40:12...creating table meetings
2015-08-24 20:40:12...creating Relationship Meta for Meeting
2015-08-24 20:40:12...processing table tasks
2015-08-24 20:40:12...dropping table tasks
2015-08-24 20:40:12...creating table tasks
2015-08-24 20:40:12...creating Relationship Meta for Task
2015-08-24 20:40:12...processing table users
2015-08-24 20:40:12...processing table users
2015-08-24 20:40:12...processing table currencies
2015-08-24 20:40:12...dropping table currencies
2015-08-24 20:40:12...creating table currencies
2015-08-24 20:40:12...creating Relationship Meta for Currency
2015-08-24 20:40:12...processing table tracker
2015-08-24 20:40:12...dropping table tracker
2015-08-24 20:40:12...creating table tracker
2015-08-24 20:40:12...creating Relationship Meta for Tracker
2015-08-24 20:40:12...processing table import_maps
2015-08-24 20:40:12...dropping table import_maps
2015-08-24 20:40:12...creating table import_maps
2015-08-24 20:40:12...creating Relationship Meta for ImportMap
2015-08-24 20:40:12...processing table users_last_import
2015-08-24 20:40:12...dropping table users_last_import
2015-08-24 20:40:12...creating table users_last_import
2015-08-24 20:40:12...creating Relationship Meta for UsersLastImport
2015-08-24 20:40:12...processing table config
2015-08-24 20:40:12...dropping table config
2015-08-24 20:40:13...creating table config
2015-08-24 20:40:13...creating Relationship Meta for Administration
2015-08-24 20:40:13...processing table upgrade_history
2015-08-24 20:40:13...dropping table upgrade_history
2015-08-24 20:40:13...creating table upgrade_history
2015-08-24 20:40:13...creating Relationship Meta for UpgradeHistory
2015-08-24 20:40:13...processing table vcals
2015-08-24 20:40:13...dropping table vcals
2015-08-24 20:40:13...creating table vcals
2015-08-24 20:40:13...creating Relationship Meta for vCal
2015-08-24 20:40:13...processing table versions
2015-08-24 20:40:13...dropping table versions
2015-08-24 20:40:13...creating table versions
2015-08-24 20:40:13...creating Relationship Meta for Version
2015-08-24 20:40:13...processing table roles
2015-08-24 20:40:13...dropping table roles
2015-08-24 20:40:13...creating table roles
2015-08-24 20:40:13...creating Relationship Meta for Role
2015-08-24 20:40:13...processing table documents
2015-08-24 20:40:13...dropping table documents
2015-08-24 20:40:13...creating table documents
2015-08-24 20:40:13...creating Relationship Meta for Document
2015-08-24 20:40:13...processing table document_revisions
2015-08-24 20:40:13...dropping table document_revisions
2015-08-24 20:40:13...creating table document_revisions
2015-08-24 20:40:13...creating Relationship Meta for DocumentRevision
2015-08-24 20:40:13...processing table fields_meta_data
2015-08-24 20:40:13...dropping table fields_meta_data
2015-08-24 20:40:13...creating table fields_meta_data
2015-08-24 20:40:13...creating Relationship Meta for FieldsMetaData
2015-08-24 20:40:13...processing table inbound_email
2015-08-24 20:40:13...dropping table inbound_email
2015-08-24 20:40:14...creating table inbound_email
2015-08-24 20:40:14...creating Relationship Meta for InboundEmail
2015-08-24 20:40:14...processing table saved_search
2015-08-24 20:40:14...dropping table saved_search
2015-08-24 20:40:14...creating table saved_search
2015-08-24 20:40:14...creating Relationship Meta for SavedSearch
2015-08-24 20:40:14...processing table user_preferences
2015-08-24 20:40:14...dropping table user_preferences
2015-08-24 20:40:14...creating table user_preferences
2015-08-24 20:40:14...creating Relationship Meta for UserPreference
2015-08-24 20:40:14...processing table 
2015-08-24 20:40:14...processing table email_addresses
2015-08-24 20:40:14...dropping table email_addresses
2015-08-24 20:40:14...creating table email_addresses
2015-08-24 20:40:14...creating Relationship Meta for EmailAddress
2015-08-24 20:40:14...processing table emails_text
2015-08-24 20:40:14...dropping table emails_text
2015-08-24 20:40:14...creating table emails_text
2015-08-24 20:40:14...creating Relationship Meta for EmailText
2015-08-24 20:40:14...processing table sugarfeed
2015-08-24 20:40:14...dropping table sugarfeed
2015-08-24 20:40:14...creating table sugarfeed
2015-08-24 20:40:14...creating Relationship Meta for SugarFeed
2015-08-24 20:40:14...processing table eapm
2015-08-24 20:40:14...dropping table eapm
2015-08-24 20:40:14...creating table eapm
2015-08-24 20:40:14...creating Relationship Meta for EAPM
2015-08-24 20:40:14...processing table oauth_consumer
2015-08-24 20:40:14...dropping table oauth_consumer
2015-08-24 20:40:14...creating table oauth_consumer
2015-08-24 20:40:14...creating Relationship Meta for OAuthKey
2015-08-24 20:40:14...processing table oauth_tokens
2015-08-24 20:40:14...dropping table oauth_tokens
2015-08-24 20:40:14...creating table oauth_tokens
2015-08-24 20:40:14...creating Relationship Meta for OAuthToken
2015-08-24 20:40:18...Begin creating Defaults
2015-08-24 20:40:18...insert defaults into config table
2015-08-24 20:40:18...Creating default users
2015-08-24 20:40:18...Creating default scheduler jobs
2015-08-24 20:40:19...Enable SugarFeeds
2015-08-24 20:40:19...Enable InsideView Connector
2015-08-24 20:40:19...Creating FTS logic hook
2015-08-24 20:40:19...populating the db with seed data
2015-08-24 20:40:58...Installation has completed *********
2015-08-24 20:44:19...installerHook: Could not find custom/install/install_hooks.php